# JRE version: Java(TM) SE Runtime Environment (8.0_201-b09) (build 1.8.0_201-b09)
# Java VM: Java HotSpot(TM) 64-Bit Server VM (25.201-b09 mixed mode linux-amd64 compressed oops)
Heap:
 def new generation   total 11904K, used 9148K [0x00000000a0000000, 0x00000000a0ce0000, 0x00000000c0000000)
  eden space 10624K,  74% used [0x00000000a0000000, 0x00000000a07af2f8, 0x00000000a0a60000)
  from space 1280K, 100% used [0x00000000a0a60000, 0x00000000a0ba0000, 0x00000000a0ba0000)
  to   space 1280K,   0% used [0x00000000a0ba0000, 0x00000000a0ba0000, 0x00000000a0ce0000)
 tenured generation   total 26108K, used 20014K [0x00000000c0000000, 0x00000000c197f000, 0x0000000100000000)
   the space 26108K,  76% used [0x00000000c0000000, 0x00000000c138bb00, 0x00000000c138bc00, 0x00000000c197f000)
 Metaspace       used 43746K, capacity 44594K, committed 44848K, reserved 1087488K
  class space    used 5846K, capacity 6071K, committed 6192K, reserved 1048576K
GC Heap History (10 events):
Event: 59,313 GC heap before
{Heap before GC invocations=41 (full 2):
 def new generation   total 11904K, used 11903K [0x00000000a0000000, 0x00000000a0ce0000, 0x00000000c0000000)
  eden space 10624K, 100% used [0x00000000a0000000, 0x00000000a0a60000, 0x00000000a0a60000)
  from space 1280K,  99% used [0x00000000a0ba0000, 0x00000000a0cdfff0, 0x00000000a0ce0000)
  to   space 1280K,   0% used [0x00000000a0a60000, 0x00000000a0a60000, 0x00000000a0ba0000)
 tenured generation   total 26108K, used 15775K [0x00000000c0000000, 0x00000000c197f000, 0x0000000100000000)
   the space 26108K,  60% used [0x00000000c0000000, 0x00000000c0f67c08, 0x00000000c0f67e00, 0x00000000c197f000)
 Metaspace       used 38169K, capacity 38878K, committed 39088K, reserved 1083392K
  class space    used 5303K, capacity 5527K, committed 5552K, reserved 1048576K
Event: 59,348 GC heap after
Heap after GC invocations=42 (full 2):
 def new generation   total 11904K, used 1280K [0x00000000a0000000, 0x00000000a0ce0000, 0x00000000c0000000)
  eden space 10624K,   0% used [0x00000000a0000000, 0x00000000a0000000, 0x00000000a0a60000)
  from space 1280K, 100% used [0x00000000a0a60000, 0x00000000a0ba0000, 0x00000000a0ba0000)
  to   space 1280K,   0% used [0x00000000a0ba0000, 0x00000000a0ba0000, 0x00000000a0ce0000)
 tenured generation   total 26108K, used 16644K [0x00000000c0000000, 0x00000000c197f000, 0x0000000100000000)
   the space 26108K,  63% used [0x00000000c0000000, 0x00000000c10411c8, 0x00000000c1041200, 0x00000000c197f000)
 Metaspace       used 38169K, capacity 38878K, committed 39088K, reserved 1083392K
  class space    used 5303K, capacity 5527K, committed 5552K, reserved 1048576K
}
Event: 60,907 GC heap before
{Heap before GC invocations=42 (full 2):
 def new generation   total 11904K, used 11904K [0x00000000a0000000, 0x00000000a0ce0000, 0x00000000c0000000)
  eden space 10624K, 100% used [0x00000000a0000000, 0x00000000a0a60000, 0x00000000a0a60000)
  from space 1280K, 100% used [0x00000000a0a60000, 0x00000000a0ba0000, 0x00000000a0ba0000)
  to   space 1280K,   0% used [0x00000000a0ba0000, 0x00000000a0ba0000, 0x00000000a0ce0000)
 tenured generation   total 26108K, used 16644K [0x00000000c0000000, 0x00000000c197f000, 0x0000000100000000)
   the space 26108K,  63% used [0x00000000c0000000, 0x00000000c10411c8, 0x00000000c1041200, 0x00000000c197f000)
 Metaspace       used 39056K, capacity 39724K, committed 39984K, reserved 1083392K
  class space    used 5449K, capacity 5634K, committed 5680K, reserved 1048576K
Event: 60,925 GC heap after
Heap after GC invocations=43 (full 2):
 def new generation   total 11904K, used 933K [0x00000000a0000000, 0x00000000a0ce0000, 0x00000000c0000000)
  eden space 10624K,   0% used [0x00000000a0000000, 0x00000000a0000000, 0x00000000a0a60000)
  from space 1280K,  72% used [0x00000000a0ba0000, 0x00000000a0c89620, 0x00000000a0ce0000)
  to   space 1280K,   0% used [0x00000000a0a60000, 0x00000000a0a60000, 0x00000000a0ba0000)
 tenured generation   total 26108K, used 16994K [0x00000000c0000000, 0x00000000c197f000, 0x0000000100000000)
   the space 26108K,  65% used [0x00000000c0000000, 0x00000000c1098af8, 0x00000000c1098c00, 0x00000000c197f000)
 Metaspace       used 39056K, capacity 39724K, committed 39984K, reserved 1083392K
  class space    used 5449K, capacity 5634K, committed 5680K, reserved 1048576K
}
Event: 63,298 GC heap before
{Heap before GC invocations=43 (full 2):
 def new generation   total 11904K, used 11557K [0x00000000a0000000, 0x00000000a0ce0000, 0x00000000c0000000)
  eden space 10624K, 100% used [0x00000000a0000000, 0x00000000a0a60000, 0x00000000a0a60000)
  from space 1280K,  72% used [0x00000000a0ba0000, 0x00000000a0c89620, 0x00000000a0ce0000)
  to   space 1280K,   0% used [0x00000000a0a60000, 0x00000000a0a60000, 0x00000000a0ba0000)
 tenured generation   total 26108K, used 16994K [0x00000000c0000000, 0x00000000c197f000, 0x0000000100000000)
   the space 26108K,  65% used [0x00000000c0000000, 0x00000000c1098af8, 0x00000000c1098c00, 0x00000000c197f000)
 Metaspace       used 40501K, capacity 41288K, committed 41776K, reserved 1085440K
  class space    used 5613K, capacity 5834K, committed 5936K, reserved 1048576K
Event: 63,316 GC heap after
Heap after GC invocations=44 (full 2):
 def new generation   total 11904K, used 1279K [0x00000000a0000000, 0x00000000a0ce0000, 0x00000000c0000000)
  eden space 10624K,   0% used [0x00000000a0000000, 0x00000000a0000000, 0x00000000a0a60000)
  from space 1280K,  99% used [0x00000000a0a60000, 0x00000000a0b9fff0, 0x00000000a0ba0000)
  to   space 1280K,   0% used [0x00000000a0ba0000, 0x00000000a0ba0000, 0x00000000a0ce0000)
 tenured generation   total 26108K, used 17693K [0x00000000c0000000, 0x00000000c197f000, 0x0000000100000000)
   the space 26108K,  67% used [0x00000000c0000000, 0x00000000c1147740, 0x00000000c1147800, 0x00000000c197f000)
 Metaspace       used 40501K, capacity 41288K, committed 41776K, reserved 1085440K
  class space    used 5613K, capacity 5834K, committed 5936K, reserved 1048576K
}
Event: 65,918 GC heap before
{Heap before GC invocations=44 (full 2):
 def new generation   total 11904K, used 11885K [0x00000000a0000000, 0x00000000a0ce0000, 0x00000000c0000000)
  eden space 10624K,  99% used [0x00000000a0000000, 0x00000000a0a5b6d0, 0x00000000a0a60000)
  from space 1280K,  99% used [0x00000000a0a60000, 0x00000000a0b9fff0, 0x00000000a0ba0000)
  to   space 1280K,   0% used [0x00000000a0ba0000, 0x00000000a0ba0000, 0x00000000a0ce0000)
 tenured generation   total 26108K, used 17693K [0x00000000c0000000, 0x00000000c197f000, 0x0000000100000000)
   the space 26108K,  67% used [0x00000000c0000000, 0x00000000c1147740, 0x00000000c1147800, 0x00000000c197f000)
 Metaspace       used 42555K, capacity 43328K, committed 43440K, reserved 1087488K
  class space    used 5783K, capacity 6038K, committed 6064K, reserved 1048576K
Event: 65,953 GC heap after
Heap after GC invocations=45 (full 2):
 def new generation   total 11904K, used 1279K [0x00000000a0000000, 0x00000000a0ce0000, 0x00000000c0000000)
  eden space 10624K,   0% used [0x00000000a0000000, 0x00000000a0000000, 0x00000000a0a60000)
  from space 1280K,  99% used [0x00000000a0ba0000, 0x00000000a0cdfff0, 0x00000000a0ce0000)
  to   space 1280K,   0% used [0x00000000a0a60000, 0x00000000a0a60000, 0x00000000a0ba0000)
 tenured generation   total 26108K, used 19206K [0x00000000c0000000, 0x00000000c197f000, 0x0000000100000000)
   the space 26108K,  73% used [0x00000000c0000000, 0x00000000c12c1b78, 0x00000000c12c1c00, 0x00000000c197f000)
 Metaspace       used 42555K, capacity 43328K, committed 43440K, reserved 1087488K
  class space    used 5783K, capacity 6038K, committed 6064K, reserved 1048576K
}
Event: 80,199 GC heap before
{Heap before GC invocations=45 (full 2):
 def new generation   total 11904K, used 11903K [0x00000000a0000000, 0x00000000a0ce0000, 0x00000000c0000000)
  eden space 10624K, 100% used [0x00000000a0000000, 0x00000000a0a60000, 0x00000000a0a60000)
  from space 1280K,  99% used [0x00000000a0ba0000, 0x00000000a0cdfff0, 0x00000000a0ce0000)
  to   space 1280K,   0% used [0x00000000a0a60000, 0x00000000a0a60000, 0x00000000a0ba0000)
 tenured generation   total 26108K, used 19206K [0x00000000c0000000, 0x00000000c197f000, 0x0000000100000000)
   the space 26108K,  73% used [0x00000000c0000000, 0x00000000c12c1b78, 0x00000000c12c1c00, 0x00000000c197f000)
 Metaspace       used 43640K, capacity 44452K, committed 44592K, reserved 1087488K
  class space    used 5846K, capacity 6070K, committed 6192K, reserved 1048576K
Event: 80,224 GC heap after
Heap after GC invocations=46 (full 2):
 def new generation   total 11904K, used 1280K [0x00000000a0000000, 0x00000000a0ce0000, 0x00000000c0000000)
  eden space 10624K,   0% used [0x00000000a0000000, 0x00000000a0000000, 0x00000000a0a60000)
  from space 1280K, 100% used [0x00000000a0a60000, 0x00000000a0ba0000, 0x00000000a0ba0000)
  to   space 1280K,   0% used [0x00000000a0ba0000, 0x00000000a0ba0000, 0x00000000a0ce0000)
 tenured generation   total 26108K, used 20014K [0x00000000c0000000, 0x00000000c197f000, 0x0000000100000000)
   the space 26108K,  76% used [0x00000000c0000000, 0x00000000c138bb00, 0x00000000c138bc00, 0x00000000c197f000)
 Metaspace       used 43640K, capacity 44452K, committed 44592K, reserved 1087488K
  class space    used 5846K, capacity 6070K, committed 6192K, reserved 1048576K
}

